<?xml version="1.0" encoding="UTF-8"?>
<!-- Generated by org.testng.reporters.JUnitXMLReporter -->
<testsuite ignored="0" hostname="DESKTOP-5FH183N" failures="0" tests="9" name="Test" time="0.119" errors="0" timestamp="2023-01-07T15:51:30 IST">
  <testcase classname="Test_NG.Sample" name="TC1" time="0.019"/>
  <testcase classname="Test_NG.Sample" name="TC2" time="0.002"/>
  <testcase classname="Test_NG.Sample" name="TC3" time="0.002"/>
  <testcase classname="Test_NG.Sample01" name="TC4" time="0.002"/>
  <testcase classname="Test_NG.Sample01" name="TC5" time="0.002"/>
  <testcase classname="Test_NG.Sample01" name="TC6" time="0.002"/>
  <testcase classname="Test_NG.Sample02" name="TC7" time="0.002"/>
  <testcase classname="Test_NG.Sample02" name="TC8" time="0.003"/>
  <testcase classname="Test_NG.Sample02" name="TC9" time="0.003"/>
</testsuite> <!-- Test -->
